<?xml version="1.0" encoding="UTF-8"?>
<testsuite xmlns:xsi="http://www.w3.org/2001/XMLSchema-instance" xsi:noNamespaceSchemaLocation="https://maven.apache.org/surefire/maven-surefire-plugin/xsd/surefire-test-report-3.0.xsd" version="3.0" name="me.melkx.jwtmodule.preparer.JwtSecretKeyPreparerTest" time="0.107" tests="4" errors="0" skipped="0" failures="0">
  <properties>
[...]
</properties>
  <testcase name="prepareSecretKey_ShouldThrowException_WhenEncodedSecretKeyIsNotBase64Format" classname="me.melkx.jwtmodule.preparer.JwtSecretKeyPreparerTest" time="0.064"/>
  <testcase name="prepareSecretKey_ShouldThrowException_WhenEncodedSecretKeyIsNull" classname="me.melkx.jwtmodule.preparer.JwtSecretKeyPreparerTest" time="0.014"/>
  <testcase name="prepareSecretKey_ShouldReturnSecretKey" classname="me.melkx.jwtmodule.preparer.JwtSecretKeyPreparerTest" time="0.005"/>
  <testcase name="prepareSecretKey_ShouldThrowException_WhenFinalEncodedSecretKeyLessThan32Bytes" classname="me.melkx.jwtmodule.preparer.JwtSecretKeyPreparerTest" time="0.002"/>
</testsuite>